5 -7 83.3333
-1 -7 82.2222
5 -1 74.8148
-1 -1 79.6296
11 -7 77.4074
11 -1 74.4444
5 -13 82.5926
-1 -13 55.5556
11 -13 84.0741
-3 -7 57.4074
-3 -1 71.8519
-3 -13 55.5556
5 1 71.1111
-1 1 63.3333
11 1 71.1111
-3 1 55.5556
9 -7 78.1481
9 -1 74.4444
9 -13 83.7037
9 1 71.1111
5 -11 82.5926
-1 -11 55.5556
11 -11 83.7037
-3 -11 55.5556
9 -11 84.0741
3 -7 82.963
3 -1 74.0741
3 -13 60.7407
3 1 71.1111
3 -11 82.5926
5 -5 77.7778
-1 -5 82.2222
11 -5 75.9259
-3 -5 81.8519
9 -5 76.6667
3 -5 82.5926
15 -7 74.0741
15 -1 74.4444
15 -13 83.7037
15 1 71.1111
15 -11 82.963
15 -5 71.8519
5 -15 60.7407
-1 -15 55.5556
11 -15 83.7037
-3 -15 55.5556
9 -15 82.5926
3 -15 55.5556
15 -15 83.7037
-5 -7 55.5556
-5 -1 55.5556
-5 -13 55.5556
-5 1 55.5556
-5 -11 55.5556
-5 -5 55.5556
-5 -15 55.5556
5 3 61.1111
-1 3 55.5556
11 3 61.1111
-3 3 55.5556
9 3 61.1111
3 3 61.1111
15 3 61.1111
-5 3 55.5556
7 -7 83.3333
7 -1 74.4444
7 -13 82.5926
7 1 71.1111
7 -11 83.7037
7 -5 77.037
7 -15 82.5926
7 3 61.1111
5 -9 83.3333
-1 -9 60.0
11 -9 83.3333
-3 -9 55.5556
9 -9 83.7037
3 -9 82.5926
15 -9 77.037
-5 -9 55.5556
7 -9 83.7037
1 -7 82.5926
1 -1 77.4074
1 -13 55.5556
1 1 71.1111
1 -11 60.7407
1 -5 82.5926
1 -15 55.5556
1 3 61.1111
1 -9 82.5926
5 -3 75.9259
-1 -3 80.7407
11 -3 76.2963
-3 -3 80.7407
9 -3 76.2963
3 -3 75.5556
15 -3 76.2963
-5 -3 63.7037
7 -3 77.4074
1 -3 78.1481
13 -7 75.9259
13 -1 74.4444
13 -13 83.7037
13 1 71.1111
13 -11 83.7037
13 -5 71.4815
13 -15 84.0741
13 3 61.1111
13 -9 77.7778
13 -3 76.2963
